1618965971103	geckodriver	INFO	Listening on 127.0.0.1:50883
1618965971695	mozrunner::runner	INFO	Running command: "/Applications/Firefox.app/Contents/MacOS/firefox-bin" "--marionette" "-headless" "-foreground" "-no-remote" "-profile" "/var/folders/wt/07502b5d72v8g08dj7zq2sfr0000gn/T/rust_mozprofileTTtF4E"
*** You are running in headless mode.
1618965995782	Marionette	INFO	Marionette enabled
console.warn: SearchSettings: "get: No settings file exists, new profile?" (new Error("", "(unknown module)"))
1618965997758	Marionette	INFO	Listening on port 50899
1618965997779	Marionette	WARN	TLS certificate errors will be ignored for this session
1618965998031	Marionette	INFO	Stopped listening on port 50899
console.error: services.settings: 
  main/partitioning-exempt-urls Signature failed  TypeError: NetworkError when attempting to fetch resource.
1618966141287	geckodriver	INFO	Listening on 127.0.0.1:51874
1618966142306	mozrunner::runner	INFO	Running command: "/Applications/Firefox.app/Contents/MacOS/firefox-bin" "--marionette" "-headless" "-foreground" "-no-remote" "-profile" "/var/folders/wt/07502b5d72v8g08dj7zq2sfr0000gn/T/rust_mozprofileF52jwM"
*** You are running in headless mode.
1618966142751	Marionette	INFO	Marionette enabled
console.warn: SearchSettings: "get: No settings file exists, new profile?" (new Error("", "(unknown module)"))
1618966144542	Marionette	INFO	Listening on port 51889
1618966144606	Marionette	WARN	TLS certificate errors will be ignored for this session
1618969572791	geckodriver	INFO	Listening on 127.0.0.1:49761
1618969573811	mozrunner::runner	INFO	Running command: "/Applications/Firefox.app/Contents/MacOS/firefox-bin" "--marionette" "-headless" "-foreground" "-no-remote" "-profile" "/var/folders/wt/07502b5d72v8g08dj7zq2sfr0000gn/T/rust_mozprofileidkgYo"
*** You are running in headless mode.
1618969574265	Marionette	INFO	Marionette enabled
console.warn: SearchSettings: "get: No settings file exists, new profile?" (new Error("", "(unknown module)"))
1618969576093	Marionette	INFO	Listening on port 49776
1618969576117	Marionette	WARN	TLS certificate errors will be ignored for this session
Exiting due to channel error.
Exiting due to channel error.
Exiting due to channel error.
Exiting due to channel error.
[GFX1-]: Receive IPC close with reason=AbnormalShutdown
Exiting due to channel error.
Exiting due to channel error.
1618970970568	geckodriver	INFO	Listening on 127.0.0.1:55875
1618970970573	mozrunner::runner	INFO	Running command: "/Applications/Firefox.app/Contents/MacOS/firefox-bin" "--marionette" "-headless" "-foreground" "-no-remote" "-profile" "/var/folders/wt/07502b5d72v8g08dj7zq2sfr0000gn/T/rust_mozprofileXWyk0i"
*** You are running in headless mode.
1618970970973	Marionette	INFO	Marionette enabled
console.warn: SearchSettings: "get: No settings file exists, new profile?" (new Error("", "(unknown module)"))
1618970972754	Marionette	INFO	Listening on port 55884
1618970972776	Marionette	WARN	TLS certificate errors will be ignored for this session
Exiting due to channel error.
Exiting due to channel error.
Exiting due to channel error.
