[I 09:11:01.171 NotebookApp] Serving notebooks from local directory: /Users/akira/Desktop/local/develop/LDL
[I 09:11:01.171 NotebookApp] Jupyter Notebook 6.3.0 is running at:
[I 09:11:01.171 NotebookApp] http://localhost:8888/?token=0fb0e7d003ae8a6b8422e780dff0c75a4b02e0f6b7ae5a24
[I 09:11:01.171 NotebookApp]  or http://127.0.0.1:8888/?token=0fb0e7d003ae8a6b8422e780dff0c75a4b02e0f6b7ae5a24
[I 09:11:01.171 NotebookApp] Use Control-C to stop this server and shut down all kernels (twice to skip confirmation).
[C 09:11:01.174 NotebookApp] 
    
    To access the notebook, open this file in a browser:
        file:///Users/akira/Library/Jupyter/runtime/nbserver-8382-open.html
    Or copy and paste one of these URLs:
        http://localhost:8888/?token=0fb0e7d003ae8a6b8422e780dff0c75a4b02e0f6b7ae5a24
     or http://127.0.0.1:8888/?token=0fb0e7d003ae8a6b8422e780dff0c75a4b02e0f6b7ae5a24
[I 09:14:54.810 NotebookApp] Creating new file in 
[W 09:15:21.672 NotebookApp] delete /untitled.txt
[I 13:04:19.655 NotebookApp] Creating new notebook in /Intuitive_Deep_Learning
[I 13:04:20.717 NotebookApp] Kernel started: 24404585-1eb2-4488-a38b-cf2385877fef, name: python3
[I 13:06:21.931 NotebookApp] Saving file at /Intuitive_Deep_Learning/keras_mnist.ipynb
[I 13:32:20.649 NotebookApp] Saving file at /Intuitive_Deep_Learning/keras_mnist.ipynb
[I 13:33:43.781 NotebookApp] Starting buffering for 24404585-1eb2-4488-a38b-cf2385877fef:94ceb9b889eb428e864330cbd522dd6d
[I 13:33:44.209 NotebookApp] Kernel restarted: 24404585-1eb2-4488-a38b-cf2385877fef
[I 13:33:44.217 NotebookApp] Restoring connection for 24404585-1eb2-4488-a38b-cf2385877fef:94ceb9b889eb428e864330cbd522dd6d
[I 13:33:45.535 NotebookApp] Replaying 3 buffered messages
[I 13:34:20.661 NotebookApp] Saving file at /Intuitive_Deep_Learning/keras_mnist.ipynb
[I 13:36:20.877 NotebookApp] Saving file at /Intuitive_Deep_Learning/keras_mnist.ipynb
2021-04-10 13:37:19.762410: I tensorflow/core/platform/cpu_feature_guard.cc:145] This TensorFlow binary is optimized with Intel(R) MKL-DNN to use the following CPU instructions in performance critical operations:  SSE4.1 SSE4.2
To enable them in non-MKL-DNN operations, rebuild TensorFlow with the appropriate compiler flags.
2021-04-10 13:37:19.763188: I tensorflow/core/common_runtime/process_util.cc:115] Creating new thread pool with default inter op setting: 8. Tune using inter_op_parallelism_threads for best performance.
[I 13:38:20.641 NotebookApp] Saving file at /Intuitive_Deep_Learning/keras_mnist.ipynb
[I 13:40:20.658 NotebookApp] Saving file at /Intuitive_Deep_Learning/keras_mnist.ipynb
[I 13:42:20.651 NotebookApp] Saving file at /Intuitive_Deep_Learning/keras_mnist.ipynb
[I 13:44:20.653 NotebookApp] Saving file at /Intuitive_Deep_Learning/keras_mnist.ipynb
[I 14:24:59.857 NotebookApp] Starting buffering for 24404585-1eb2-4488-a38b-cf2385877fef:94ceb9b889eb428e864330cbd522dd6d
[I 14:25:02.170 NotebookApp] Restoring connection for 24404585-1eb2-4488-a38b-cf2385877fef:94ceb9b889eb428e864330cbd522dd6d
[I 15:59:40.345 NotebookApp] Starting buffering for 24404585-1eb2-4488-a38b-cf2385877fef:94ceb9b889eb428e864330cbd522dd6d
[I 15:59:41.860 NotebookApp] Restoring connection for 24404585-1eb2-4488-a38b-cf2385877fef:94ceb9b889eb428e864330cbd522dd6d
[I 16:38:10.301 NotebookApp] Starting buffering for 24404585-1eb2-4488-a38b-cf2385877fef:94ceb9b889eb428e864330cbd522dd6d
[I 16:38:12.238 NotebookApp] Restoring connection for 24404585-1eb2-4488-a38b-cf2385877fef:94ceb9b889eb428e864330cbd522dd6d
[I 17:43:05.857 NotebookApp] Creating new notebook in 
[I 17:43:06.608 NotebookApp] Kernel started: 85c9d83d-6094-47d3-bee3-15725eb57014, name: python3
[I 17:45:06.876 NotebookApp] Saving file at /practice.ipynb
[I 18:54:16.054 NotebookApp] Starting buffering for 85c9d83d-6094-47d3-bee3-15725eb57014:85207dca58cd41a6b262a60a970c0def
[I 18:54:16.055 NotebookApp] Starting buffering for 24404585-1eb2-4488-a38b-cf2385877fef:94ceb9b889eb428e864330cbd522dd6d
[I 18:54:17.759 NotebookApp] Restoring connection for 85c9d83d-6094-47d3-bee3-15725eb57014:85207dca58cd41a6b262a60a970c0def
[I 18:54:17.779 NotebookApp] Restoring connection for 24404585-1eb2-4488-a38b-cf2385877fef:94ceb9b889eb428e864330cbd522dd6d
[I 18:56:22.501 NotebookApp] Starting buffering for 24404585-1eb2-4488-a38b-cf2385877fef:94ceb9b889eb428e864330cbd522dd6d
[I 18:56:22.502 NotebookApp] Starting buffering for 85c9d83d-6094-47d3-bee3-15725eb57014:85207dca58cd41a6b262a60a970c0def
[I 18:56:24.937 NotebookApp] Restoring connection for 24404585-1eb2-4488-a38b-cf2385877fef:94ceb9b889eb428e864330cbd522dd6d
[I 18:56:24.959 NotebookApp] Restoring connection for 85c9d83d-6094-47d3-bee3-15725eb57014:85207dca58cd41a6b262a60a970c0def
[I 19:11:37.274 NotebookApp] Starting buffering for 85c9d83d-6094-47d3-bee3-15725eb57014:85207dca58cd41a6b262a60a970c0def
[I 19:11:37.294 NotebookApp] Starting buffering for 24404585-1eb2-4488-a38b-cf2385877fef:94ceb9b889eb428e864330cbd522dd6d
[I 19:11:40.134 NotebookApp] Restoring connection for 85c9d83d-6094-47d3-bee3-15725eb57014:85207dca58cd41a6b262a60a970c0def
[I 19:11:40.158 NotebookApp] Restoring connection for 24404585-1eb2-4488-a38b-cf2385877fef:94ceb9b889eb428e864330cbd522dd6d
[I 19:13:13.366 NotebookApp] Starting buffering for 24404585-1eb2-4488-a38b-cf2385877fef:94ceb9b889eb428e864330cbd522dd6d
[I 19:13:13.368 NotebookApp] Starting buffering for 85c9d83d-6094-47d3-bee3-15725eb57014:85207dca58cd41a6b262a60a970c0def
[I 19:13:15.255 NotebookApp] Restoring connection for 24404585-1eb2-4488-a38b-cf2385877fef:94ceb9b889eb428e864330cbd522dd6d
[I 19:13:15.278 NotebookApp] Restoring connection for 85c9d83d-6094-47d3-bee3-15725eb57014:85207dca58cd41a6b262a60a970c0def
[I 19:29:02.644 NotebookApp] Starting buffering for 85c9d83d-6094-47d3-bee3-15725eb57014:85207dca58cd41a6b262a60a970c0def
[I 19:29:02.646 NotebookApp] Starting buffering for 24404585-1eb2-4488-a38b-cf2385877fef:94ceb9b889eb428e864330cbd522dd6d
[I 19:29:04.333 NotebookApp] Restoring connection for 85c9d83d-6094-47d3-bee3-15725eb57014:85207dca58cd41a6b262a60a970c0def
[I 19:29:04.399 NotebookApp] Restoring connection for 24404585-1eb2-4488-a38b-cf2385877fef:94ceb9b889eb428e864330cbd522dd6d
[I 20:00:24.429 NotebookApp] Starting buffering for 24404585-1eb2-4488-a38b-cf2385877fef:94ceb9b889eb428e864330cbd522dd6d
[I 20:00:24.433 NotebookApp] Starting buffering for 85c9d83d-6094-47d3-bee3-15725eb57014:85207dca58cd41a6b262a60a970c0def
[I 20:00:27.142 NotebookApp] Restoring connection for 24404585-1eb2-4488-a38b-cf2385877fef:94ceb9b889eb428e864330cbd522dd6d
[I 20:00:27.163 NotebookApp] Restoring connection for 85c9d83d-6094-47d3-bee3-15725eb57014:85207dca58cd41a6b262a60a970c0def
[I 20:10:21.458 NotebookApp] Starting buffering for 85c9d83d-6094-47d3-bee3-15725eb57014:85207dca58cd41a6b262a60a970c0def
[I 20:10:21.493 NotebookApp] Starting buffering for 24404585-1eb2-4488-a38b-cf2385877fef:94ceb9b889eb428e864330cbd522dd6d
[I 20:10:24.339 NotebookApp] Restoring connection for 85c9d83d-6094-47d3-bee3-15725eb57014:85207dca58cd41a6b262a60a970c0def
[I 20:10:24.360 NotebookApp] Restoring connection for 24404585-1eb2-4488-a38b-cf2385877fef:94ceb9b889eb428e864330cbd522dd6d
[I 20:55:24.621 NotebookApp] Starting buffering for 24404585-1eb2-4488-a38b-cf2385877fef:94ceb9b889eb428e864330cbd522dd6d
[I 20:55:24.623 NotebookApp] Starting buffering for 85c9d83d-6094-47d3-bee3-15725eb57014:85207dca58cd41a6b262a60a970c0def
[I 20:55:25.984 NotebookApp] Restoring connection for 24404585-1eb2-4488-a38b-cf2385877fef:94ceb9b889eb428e864330cbd522dd6d
[I 20:55:26.005 NotebookApp] Restoring connection for 85c9d83d-6094-47d3-bee3-15725eb57014:85207dca58cd41a6b262a60a970c0def
[I 09:19:25.218 NotebookApp] Starting buffering for 85c9d83d-6094-47d3-bee3-15725eb57014:85207dca58cd41a6b262a60a970c0def
[I 09:19:25.256 NotebookApp] Starting buffering for 24404585-1eb2-4488-a38b-cf2385877fef:94ceb9b889eb428e864330cbd522dd6d
[I 09:19:27.946 NotebookApp] Restoring connection for 85c9d83d-6094-47d3-bee3-15725eb57014:85207dca58cd41a6b262a60a970c0def
[I 09:19:27.966 NotebookApp] Restoring connection for 24404585-1eb2-4488-a38b-cf2385877fef:94ceb9b889eb428e864330cbd522dd6d
[I 09:45:34.100 NotebookApp] Saving file at /Intuitive_Deep_Learning/keras_mnist.ipynb
[I 09:45:35.592 NotebookApp] Starting buffering for 24404585-1eb2-4488-a38b-cf2385877fef:94ceb9b889eb428e864330cbd522dd6d
[I 09:46:51.326 NotebookApp] Creating new notebook in /Building_Deep_Learning_from_Scratch
[I 09:46:52.059 NotebookApp] Kernel started: 7f075f8f-e13e-45e2-8844-41728fb8d6c2, name: python3
[W 09:47:53.375 NotebookApp] 400 GET /api/contents/Intuitive_Deep_Learning/keras_MINST_V1_Sat_10_Apr_2021_04_37_14/events.out.tfevents.1618029439.Akiras-MacBook-Pro.local?type=file&format=text&_=1618102073324 (::1): /Users/akira/Desktop/local/develop/LDL/Intuitive_Deep_Learning/keras_MINST_V1_Sat_10_Apr_2021_04_37_14/events.out.tfevents.1618029439.Akiras-MacBook-Pro.local is not UTF-8 encoded
[W 09:47:53.376 NotebookApp] /Users/akira/Desktop/local/develop/LDL/Intuitive_Deep_Learning/keras_MINST_V1_Sat_10_Apr_2021_04_37_14/events.out.tfevents.1618029439.Akiras-MacBook-Pro.local is not UTF-8 encoded
[W 09:47:53.377 NotebookApp] 400 GET /api/contents/Intuitive_Deep_Learning/keras_MINST_V1_Sat_10_Apr_2021_04_37_14/events.out.tfevents.1618029439.Akiras-MacBook-Pro.local?type=file&format=text&_=1618102073324 (::1) 3.350000ms referer=http://localhost:8888/edit/Intuitive_Deep_Learning/keras_MINST_V1_Sat_10_Apr_2021_04_37_14/events.out.tfevents.1618029439.Akiras-MacBook-Pro.local
[W 09:48:27.309 NotebookApp] 400 GET /api/contents/Intuitive_Deep_Learning/keras_MINST_V1_Sat_10_Apr_2021_04_37_14/events.out.tfevents.1618029439.Akiras-MacBook-Pro.local?type=file&format=text&_=1618102107255 (::1): /Users/akira/Desktop/local/develop/LDL/Intuitive_Deep_Learning/keras_MINST_V1_Sat_10_Apr_2021_04_37_14/events.out.tfevents.1618029439.Akiras-MacBook-Pro.local is not UTF-8 encoded
[W 09:48:27.309 NotebookApp] /Users/akira/Desktop/local/develop/LDL/Intuitive_Deep_Learning/keras_MINST_V1_Sat_10_Apr_2021_04_37_14/events.out.tfevents.1618029439.Akiras-MacBook-Pro.local is not UTF-8 encoded
[W 09:48:27.310 NotebookApp] 400 GET /api/contents/Intuitive_Deep_Learning/keras_MINST_V1_Sat_10_Apr_2021_04_37_14/events.out.tfevents.1618029439.Akiras-MacBook-Pro.local?type=file&format=text&_=1618102107255 (::1) 2.730000ms referer=http://localhost:8888/edit/Intuitive_Deep_Learning/keras_MINST_V1_Sat_10_Apr_2021_04_37_14/events.out.tfevents.1618029439.Akiras-MacBook-Pro.local
[I 09:48:52.401 NotebookApp] Saving file at /Building_Deep_Learning_from_Scratch/activation_function.ipynb
[I 09:49:07.585 NotebookApp] Creating new notebook in 
[I 09:49:08.250 NotebookApp] Kernel started: 04d84cc5-73d4-48bb-91bb-8d5dcceb3ee1, name: python3
[I 09:51:08.248 NotebookApp] Saving file at /formula.ipynb
[W 09:54:00.348 NotebookApp] Notebook Building_Deep_Learning_from_Scratch/neural_network.ipynb is not trusted
[I 09:54:00.559 NotebookApp] Kernel started: 3df972e2-5b6c-4271-9c6d-58f3c4876e20, name: python3
[I 09:54:04.147 NotebookApp] Starting buffering for 3df972e2-5b6c-4271-9c6d-58f3c4876e20:8c77168d17134c79b643df2eaf4d7bbf
[I 09:55:08.246 NotebookApp] Saving file at /formula.ipynb
[I 09:57:08.234 NotebookApp] Saving file at /formula.ipynb
[I 09:58:41.625 NotebookApp] Saving file at /formula.ipynb
[I 09:58:43.103 NotebookApp] Starting buffering for 04d84cc5-73d4-48bb-91bb-8d5dcceb3ee1:37648657e93f4e888fd0428578ba7684
[I 09:58:43.599 NotebookApp] Starting buffering for 7f075f8f-e13e-45e2-8844-41728fb8d6c2:9a2bb3d9375249498b55fbf5bd6388d7
[W 09:58:49.150 NotebookApp] Notebook formula.ipynb is not trusted
[I 09:58:52.321 NotebookApp] Starting buffering for 04d84cc5-73d4-48bb-91bb-8d5dcceb3ee1:a259d20b37b747b98ad422e16aba57e5
[W 09:59:02.407 NotebookApp] Notebook formula.ipynb is not trusted
[I 09:59:09.224 NotebookApp] Starting buffering for 04d84cc5-73d4-48bb-91bb-8d5dcceb3ee1:1fdceb27bd8641aa9efbfef30ccc3637
[W 09:59:14.721 NotebookApp] Notebook Building_Deep_Learning_from_Scratch/activation_function.ipynb is not trusted
[I 09:59:16.816 NotebookApp] Starting buffering for 7f075f8f-e13e-45e2-8844-41728fb8d6c2:9f3be322e2a4484ea36ef391392592df
[I 09:59:27.525 NotebookApp] Kernel shutdown: 7f075f8f-e13e-45e2-8844-41728fb8d6c2
[W 09:59:27.736 NotebookApp] delete /Building_Deep_Learning_from_Scratch/activation_function.ipynb
[I 09:59:38.885 NotebookApp] Starting buffering for 85c9d83d-6094-47d3-bee3-15725eb57014:85207dca58cd41a6b262a60a970c0def
[W 09:59:44.639 NotebookApp] Notebook formula.ipynb is not trusted
[I 10:07:20.425 NotebookApp] Creating new notebook in /Building_Deep_Learning_from_Scratch
[I 10:07:21.118 NotebookApp] Kernel started: 225f1ebe-fdd4-4da1-b946-58adca6b8094, name: python3
[I 10:07:34.127 NotebookApp] Starting buffering for 225f1ebe-fdd4-4da1-b946-58adca6b8094:9b7ceee9f513470fbfcf33f44b387646
[I 10:07:38.185 NotebookApp] Kernel shutdown: 225f1ebe-fdd4-4da1-b946-58adca6b8094
[W 10:07:41.348 NotebookApp] delete /Building_Deep_Learning_from_Scratch/numpy.ipynb
[I 10:07:45.711 NotebookApp] Saving file at /formula.ipynb
[W 10:07:45.713 NotebookApp] Notebook formula.ipynb is not trusted
[I 10:07:46.042 NotebookApp] Creating new directory in 
[I 10:08:21.143 NotebookApp] Creating new notebook in /numpy
[I 10:08:21.808 NotebookApp] Kernel started: 7887eaff-78c6-4c3e-afb1-0cf066e5e1ca, name: python3
[W 10:08:37.085 NotebookApp] delete /numpy
[I 10:08:46.699 NotebookApp] Kernel shutdown: 85c9d83d-6094-47d3-bee3-15725eb57014
[W 10:08:46.913 NotebookApp] delete /practice.ipynb
[W 10:08:55.061 NotebookApp] 404 GET /api/contents/numpy?type=directory&_=1618013467230 (::1): No such file or directory: numpy
[W 10:08:55.061 NotebookApp] No such file or directory: numpy
[W 10:08:55.062 NotebookApp] 404 GET /api/contents/numpy?type=directory&_=1618013467230 (::1) 2.180000ms referer=http://localhost:8888/tree/numpy
[W 10:10:22.330 NotebookApp] 404 GET /api/contents/numpy/Untitled.ipynb?content=0&_=1618103301680 (::1): No such file or directory: numpy/Untitled.ipynb
[W 10:10:22.332 NotebookApp] No such file or directory: numpy/Untitled.ipynb
[W 10:10:22.333 NotebookApp] 404 GET /api/contents/numpy/Untitled.ipynb?content=0&_=1618103301680 (::1) 3.670000ms referer=http://localhost:8888/notebooks/numpy/Untitled.ipynb?kernel_name=python3
[I 10:10:22.339 NotebookApp] Uploading file to /numpy/Untitled.ipynb
[E 10:10:22.345 NotebookApp] Error while saving file: numpy/Untitled.ipynb [Errno 2] No such file or directory: '/Users/akira/Desktop/local/develop/LDL/numpy/Untitled.ipynb'
    Traceback (most recent call last):
      File "/opt/anaconda3/envs/local/lib/python3.7/site-packages/notebook/services/contents/filemanager.py", line 477, in save
        self._save_notebook(os_path, nb)
      File "/opt/anaconda3/envs/local/lib/python3.7/site-packages/notebook/services/contents/fileio.py", line 290, in _save_notebook
        with self.atomic_writing(os_path, encoding='utf-8') as f:
      File "/opt/anaconda3/envs/local/lib/python3.7/contextlib.py", line 112, in __enter__
        return next(self.gen)
      File "/opt/anaconda3/envs/local/lib/python3.7/site-packages/notebook/services/contents/fileio.py", line 210, in atomic_writing
        with atomic_writing(os_path, *args, log=self.log, **kwargs) as f:
      File "/opt/anaconda3/envs/local/lib/python3.7/contextlib.py", line 112, in __enter__
        return next(self.gen)
      File "/opt/anaconda3/envs/local/lib/python3.7/site-packages/notebook/services/contents/fileio.py", line 105, in atomic_writing
        fileobj = io.open(path, 'w', encoding=encoding, **kwargs)
    FileNotFoundError: [Errno 2] No such file or directory: '/Users/akira/Desktop/local/develop/LDL/numpy/Untitled.ipynb'
[W 10:10:22.350 NotebookApp] 500 PUT /api/contents/numpy/Untitled.ipynb (::1): Unexpected error while saving file: numpy/Untitled.ipynb [Errno 2] No such file or directory: '/Users/akira/Desktop/local/develop/LDL/numpy/Untitled.ipynb'
[W 10:10:22.350 NotebookApp] Unexpected error while saving file: numpy/Untitled.ipynb [Errno 2] No such file or directory: '/Users/akira/Desktop/local/develop/LDL/numpy/Untitled.ipynb'
[E 10:10:22.352 NotebookApp] {
      "Host": "localhost:8888",
      "Connection": "keep-alive",
      "Content-Length": "471",
      "Sec-Ch-Ua": "\"Google Chrome\";v=\"89\", \"Chromium\";v=\"89\", \";Not A Brand\";v=\"99\"",
      "Accept": "application/json, text/javascript, */*; q=0.01",
      "X-Xsrftoken": "2|90929d5d|84cb6bf37784bae18bb4761e770ae469|1617435734",
      "X-Requested-With": "XMLHttpRequest",
      "Sec-Ch-Ua-Mobile": "?0",
      "User-Agent": "Mozilla/5.0 (Macintosh; Intel Mac OS X 11_2_1) AppleWebKit/537.36 (KHTML, like Gecko) Chrome/89.0.4389.114 Safari/537.36",
      "Content-Type": "application/json",
      "Origin": "http://localhost:8888",
      "Sec-Fetch-Site": "same-origin",
      "Sec-Fetch-Mode": "cors",
      "Sec-Fetch-Dest": "empty",
      "Referer": "http://localhost:8888/notebooks/numpy/Untitled.ipynb?kernel_name=python3",
      "Accept-Encoding": "gzip, deflate, br",
      "Accept-Language": "en-US,en;q=0.9",
      "Cookie": "Pycharm-da6ac25b=1836f6de-d770-4ff7-8745-2b39f1f9f119; username-localhost-8889=\"2|1:0|10:1616889023|23:username-localhost-8889|44:YWI4NWIwNjEwNzJkNDc5MThlM2U2OWNiN2Y2NzZhMDQ=|b1b2df35dba82a9231b84dcb60d4434ceb55203b6a122212d06aad490960a2f7\"; csrftoken=kh5fLgrmuY0dkYNTWKvGjNhwra7Wuaa47NnGwdrSeecDx6dxFwPlwOJZnaUQI2Hr; _xsrf=2|90929d5d|84cb6bf37784bae18bb4761e770ae469|1617435734; username-localhost-8888=\"2|1:0|10:1618013462|23:username-localhost-8888|44:ZDM5NDM1NGYwOTQ4NGFlYzg3YTllNzY4YjgyZGE4MjA=|b41a8df4d7e73eaedc699a894efbd940067ddb24ce243e755a2524cc009b85da\""
    }
[E 10:10:22.352 NotebookApp] 500 PUT /api/contents/numpy/Untitled.ipynb (::1) 13.850000ms referer=http://localhost:8888/notebooks/numpy/Untitled.ipynb?kernel_name=python3
[W 10:12:22.344 NotebookApp] 404 GET /api/contents/numpy/Untitled.ipynb?content=0&_=1618103301681 (::1): No such file or directory: numpy/Untitled.ipynb
[W 10:12:22.345 NotebookApp] No such file or directory: numpy/Untitled.ipynb
[W 10:12:22.346 NotebookApp] 404 GET /api/contents/numpy/Untitled.ipynb?content=0&_=1618103301681 (::1) 3.580000ms referer=http://localhost:8888/notebooks/numpy/Untitled.ipynb?kernel_name=python3
[I 10:12:22.366 NotebookApp] Uploading file to /numpy/Untitled.ipynb
[E 10:12:22.370 NotebookApp] Error while saving file: numpy/Untitled.ipynb [Errno 2] No such file or directory: '/Users/akira/Desktop/local/develop/LDL/numpy/Untitled.ipynb'
    Traceback (most recent call last):
      File "/opt/anaconda3/envs/local/lib/python3.7/site-packages/notebook/services/contents/filemanager.py", line 477, in save
        self._save_notebook(os_path, nb)
      File "/opt/anaconda3/envs/local/lib/python3.7/site-packages/notebook/services/contents/fileio.py", line 290, in _save_notebook
        with self.atomic_writing(os_path, encoding='utf-8') as f:
      File "/opt/anaconda3/envs/local/lib/python3.7/contextlib.py", line 112, in __enter__
        return next(self.gen)
      File "/opt/anaconda3/envs/local/lib/python3.7/site-packages/notebook/services/contents/fileio.py", line 210, in atomic_writing
        with atomic_writing(os_path, *args, log=self.log, **kwargs) as f:
      File "/opt/anaconda3/envs/local/lib/python3.7/contextlib.py", line 112, in __enter__
        return next(self.gen)
      File "/opt/anaconda3/envs/local/lib/python3.7/site-packages/notebook/services/contents/fileio.py", line 105, in atomic_writing
        fileobj = io.open(path, 'w', encoding=encoding, **kwargs)
    FileNotFoundError: [Errno 2] No such file or directory: '/Users/akira/Desktop/local/develop/LDL/numpy/Untitled.ipynb'
[W 10:12:22.371 NotebookApp] 500 PUT /api/contents/numpy/Untitled.ipynb (::1): Unexpected error while saving file: numpy/Untitled.ipynb [Errno 2] No such file or directory: '/Users/akira/Desktop/local/develop/LDL/numpy/Untitled.ipynb'
[W 10:12:22.371 NotebookApp] Unexpected error while saving file: numpy/Untitled.ipynb [Errno 2] No such file or directory: '/Users/akira/Desktop/local/develop/LDL/numpy/Untitled.ipynb'
[E 10:12:22.372 NotebookApp] {
      "Host": "localhost:8888",
      "Connection": "keep-alive",
      "Content-Length": "471",
      "Sec-Ch-Ua": "\"Google Chrome\";v=\"89\", \"Chromium\";v=\"89\", \";Not A Brand\";v=\"99\"",
      "Accept": "application/json, text/javascript, */*; q=0.01",
      "X-Xsrftoken": "2|90929d5d|84cb6bf37784bae18bb4761e770ae469|1617435734",
      "X-Requested-With": "XMLHttpRequest",
      "Sec-Ch-Ua-Mobile": "?0",
      "User-Agent": "Mozilla/5.0 (Macintosh; Intel Mac OS X 11_2_1) AppleWebKit/537.36 (KHTML, like Gecko) Chrome/89.0.4389.114 Safari/537.36",
      "Content-Type": "application/json",
      "Origin": "http://localhost:8888",
      "Sec-Fetch-Site": "same-origin",
      "Sec-Fetch-Mode": "cors",
      "Sec-Fetch-Dest": "empty",
      "Referer": "http://localhost:8888/notebooks/numpy/Untitled.ipynb?kernel_name=python3",
      "Accept-Encoding": "gzip, deflate, br",
      "Accept-Language": "en-US,en;q=0.9",
      "Cookie": "Pycharm-da6ac25b=1836f6de-d770-4ff7-8745-2b39f1f9f119; username-localhost-8889=\"2|1:0|10:1616889023|23:username-localhost-8889|44:YWI4NWIwNjEwNzJkNDc5MThlM2U2OWNiN2Y2NzZhMDQ=|b1b2df35dba82a9231b84dcb60d4434ceb55203b6a122212d06aad490960a2f7\"; csrftoken=kh5fLgrmuY0dkYNTWKvGjNhwra7Wuaa47NnGwdrSeecDx6dxFwPlwOJZnaUQI2Hr; _xsrf=2|90929d5d|84cb6bf37784bae18bb4761e770ae469|1617435734; username-localhost-8888=\"2|1:0|10:1618013462|23:username-localhost-8888|44:ZDM5NDM1NGYwOTQ4NGFlYzg3YTllNzY4YjgyZGE4MjA=|b41a8df4d7e73eaedc699a894efbd940067ddb24ce243e755a2524cc009b85da\""
    }
[E 10:12:22.372 NotebookApp] 500 PUT /api/contents/numpy/Untitled.ipynb (::1) 8.550000ms referer=http://localhost:8888/notebooks/numpy/Untitled.ipynb?kernel_name=python3
[I 10:14:11.676 NotebookApp] Starting buffering for 7887eaff-78c6-4c3e-afb1-0cf066e5e1ca:9e3807ddf5954aa7823c120021748189
[I 10:15:45.625 NotebookApp] Saving file at /formula.ipynb
[W 10:15:45.626 NotebookApp] Notebook formula.ipynb is not trusted
[I 10:17:44.806 NotebookApp] Saving file at /formula.ipynb
[W 10:17:44.807 NotebookApp] Notebook formula.ipynb is not trusted
[I 10:21:44.790 NotebookApp] Saving file at /formula.ipynb
[W 10:21:44.790 NotebookApp] Notebook formula.ipynb is not trusted
[I 10:23:44.784 NotebookApp] Saving file at /formula.ipynb
[W 10:23:44.785 NotebookApp] Notebook formula.ipynb is not trusted
[I 10:25:44.784 NotebookApp] Saving file at /formula.ipynb
[W 10:25:44.785 NotebookApp] Notebook formula.ipynb is not trusted
[I 10:27:44.772 NotebookApp] Saving file at /formula.ipynb
[W 10:27:44.773 NotebookApp] Notebook formula.ipynb is not trusted
[I 10:29:45.620 NotebookApp] Saving file at /formula.ipynb
[W 10:29:45.621 NotebookApp] Notebook formula.ipynb is not trusted
[I 10:38:54.882 NotebookApp] Starting buffering for 04d84cc5-73d4-48bb-91bb-8d5dcceb3ee1:5e1e4510056d41fb8afd0b7abd5d4324
